-------------------------------------------------------------------------------
Test set: com.service.impl.AddressConverterImplTest
-------------------------------------------------------------------------------
Tests run: 2, Failures: 0, Errors: 2, Skipped: 0, Time elapsed: 0.203 sec <<< FAILURE! - in com.service.impl.AddressConverterImplTest
testConvertToLatLong(com.service.impl.AddressConverterImplTest)  Time elapsed: 0.035 sec  <<< ERROR!
org.mockito.exceptions.misusing.MissingMethodInvocationException: 
when() requires an argument which has to be 'a method call on a mock'.
For example:
    when(mock.getArticles()).thenReturn(articles);

Also, this error might show up because:
1. you stub either of: final/private/equals()/hashCode() methods.
   Those methods *cannot* be stubbed/verified.
   Mocking methods declared on non-public parent classes is not supported.
2. inside when() you don't call method on mock but on some other object.

	at com.service.impl.AddressConverterImplTest.testConvertToLatLong(AddressConverterImplTest.java:55)

testConvertFromLatLong(com.service.impl.AddressConverterImplTest)  Time elapsed: 0.005 sec  <<< ERROR!
org.mockito.exceptions.misusing.MissingMethodInvocationException: 
when() requires an argument which has to be 'a method call on a mock'.
For example:
    when(mock.getArticles()).thenReturn(articles);

Also, this error might show up because:
1. you stub either of: final/private/equals()/hashCode() methods.
   Those methods *cannot* be stubbed/verified.
   Mocking methods declared on non-public parent classes is not supported.
2. inside when() you don't call method on mock but on some other object.

	at com.service.impl.AddressConverterImplTest.testConvertFromLatLong(AddressConverterImplTest.java:69)

