<?xml version="1.0" encoding="UTF-8"?>
<testsuite name="com.service.impl.AddressConverterImplTest" time="0.04" tests="2" errors="2" skipped="0" failures="0">
  <properties>
[...]
</properties>
  <testcase name="testConvertToLatLong" classname="com.service.impl.AddressConverterImplTest" time="0.035">
    <error message="&#10;when() requires an argument which has to be &apos;a method call on a mock&apos;.&#10;For example:&#10;    when(mock.getArticles()).thenReturn(articles);&#10;&#10;Also, this error might show up because:&#10;1. you stub either of: final/private/equals()/hashCode() methods.&#10;   Those methods *cannot* be stubbed/verified.&#10;   Mocking methods declared on non-public parent classes is not supported.&#10;2. inside when() you don&apos;t call method on mock but on some other object.&#10;" type="org.mockito.exceptions.misusing.MissingMethodInvocationException">org.mockito.exceptions.misusing.MissingMethodInvocationException: 
when() requires an argument which has to be 'a method call on a mock'.
For example:
    when(mock.getArticles()).thenReturn(articles);

Also, this error might show up because:
1. you stub either of: final/private/equals()/hashCode() methods.
   Those methods *cannot* be stubbed/verified.
   Mocking methods declared on non-public parent classes is not supported.
2. inside when() you don't call method on mock but on some other object.

	at com.service.impl.AddressConverterImplTest.testConvertToLatLong(AddressConverterImplTest.java:55)
</error>
    <system-err><![CDATA[Aug 05, 2016 5:31:10 PM com.service.impl.AddressConverterImplTest setUp
INFO: Setup
Aug 05, 2016 5:31:10 PM com.service.impl.AddressConverterImplTest testConvertToLatLong
INFO: Test Method testConvertToLatLong
Aug 05, 2016 5:31:10 PM com.service.impl.AddressConverterImplTest testConvertToLatLong
INFO: Shop Name : SAMSUNG
Aug 05, 2016 5:31:10 PM com.service.impl.AddressConverterImplTest testConvertToLatLong
INFO: Address Number : 1234L
Aug 05, 2016 5:31:10 PM com.service.impl.AddressConverterImplTest testConvertToLatLong
INFO: PostCode : 1234L
Aug 05, 2016 5:31:10 PM com.service.impl.AddressConverterImplTest tearDown
INFO: tearDown
]]></system-err>
  </testcase>
  <testcase name="testConvertFromLatLong" classname="com.service.impl.AddressConverterImplTest" time="0.005">
    <error message="&#10;when() requires an argument which has to be &apos;a method call on a mock&apos;.&#10;For example:&#10;    when(mock.getArticles()).thenReturn(articles);&#10;&#10;Also, this error might show up because:&#10;1. you stub either of: final/private/equals()/hashCode() methods.&#10;   Those methods *cannot* be stubbed/verified.&#10;   Mocking methods declared on non-public parent classes is not supported.&#10;2. inside when() you don&apos;t call method on mock but on some other object.&#10;" type="org.mockito.exceptions.misusing.MissingMethodInvocationException">org.mockito.exceptions.misusing.MissingMethodInvocationException: 
when() requires an argument which has to be 'a method call on a mock'.
For example:
    when(mock.getArticles()).thenReturn(articles);

Also, this error might show up because:
1. you stub either of: final/private/equals()/hashCode() methods.
   Those methods *cannot* be stubbed/verified.
   Mocking methods declared on non-public parent classes is not supported.
2. inside when() you don't call method on mock but on some other object.

	at com.service.impl.AddressConverterImplTest.testConvertFromLatLong(AddressConverterImplTest.java:69)
</error>
    <system-err><![CDATA[Aug 05, 2016 5:31:10 PM com.service.impl.AddressConverterImplTest setUp
INFO: Setup
Aug 05, 2016 5:31:10 PM com.service.impl.AddressConverterImplTest testConvertFromLatLong
INFO: Test Method testConvertFromLatLong
Aug 05, 2016 5:31:10 PM com.service.impl.AddressConverterImplTest testConvertFromLatLong
INFO: Shop Name : SAMSUNG
Aug 05, 2016 5:31:10 PM com.service.impl.AddressConverterImplTest testConvertFromLatLong
INFO: Address Number : 1234L
Aug 05, 2016 5:31:10 PM com.service.impl.AddressConverterImplTest testConvertFromLatLong
INFO: PostCode : 1234L
Aug 05, 2016 5:31:10 PM com.service.impl.AddressConverterImplTest tearDown
INFO: tearDown
]]></system-err>
  </testcase>
</testsuite>